<?xml version="1.0" encoding="UTF-8"?>
<testsuite xmlns:xsi="http://www.w3.org/2001/XMLSchema-instance" xsi:noNamespaceSchemaLocation="https://maven.apache.org/surefire/maven-surefire-plugin/xsd/surefire-test-report-3.0.xsd" version="3.0" name="com.example.cashcard.CashCardJsonTest" time="0.09" tests="4" errors="0" skipped="0" failures="0">
  <properties>
[...]
</properties>
  <testcase name="cashCardSerializationTest" classname="com.example.cashcard.CashCardJsonTest" time="0.017">
    <system-out><![CDATA[2024-03-23T19:29:56.986-04:00  INFO 19952 --- [           main] t.c.s.AnnotationConfigContextLoaderUtils : Could not detect default configuration classes for test class [com.example.cashcard.CashCardJsonTest]: CashCardJsonTest does not declare any static, non-private, non-final, nested classes annotated with @Configuration.
2024-03-23T19:29:56.990-04:00  INFO 19952 --- [           main] .b.t.c.SpringBootTestContextBootstrapper : Found @SpringBootConfiguration com.example.cashcard.CashCardApplication for test class com.example.cashcard.CashCardJsonTest

  .   ____          _            __ _ _
 /\\ / ___'_ __ _ _(_)_ __  __ _ \ \ \ \
( ( )\___ | '_ | '_| | '_ \/ _` | \ \ \ \
 \\/  ___)| |_)| | | | | || (_| |  ) ) ) )
  '  |____| .__|_| |_|_| |_\__, | / / / /
 =========|_|==============|___/=/_/_/_/
 :: Spring Boot ::                (v3.2.3)

2024-03-23T19:29:57.003-04:00  INFO 19952 --- [           main] com.example.cashcard.CashCardJsonTest    : Starting CashCardJsonTest using Java 21.0.2 with PID 19952 (started by ishem in C:\Users\ishem\Desktop\Portfolio Projects\cashcard)
2024-03-23T19:29:57.003-04:00  INFO 19952 --- [           main] com.example.cashcard.CashCardJsonTest    : No active profile set, falling back to 1 default profile: "default"
2024-03-23T19:29:57.038-04:00  INFO 19952 --- [           main] com.example.cashcard.CashCardJsonTest    : Started CashCardJsonTest in 0.046 seconds (process running for 6.883)
]]></system-out>
  </testcase>
  <testcase name="cashCardDeserilaizationTest" classname="com.example.cashcard.CashCardJsonTest" time="0.005"/>
  <testcase name="cashCardListSerializationTest" classname="com.example.cashcard.CashCardJsonTest" time="0.007"/>
  <testcase name="cashCardListDeserializationTest" classname="com.example.cashcard.CashCardJsonTest" time="0.002"/>
</testsuite>