<?xml version="1.0" encoding="UTF-8"?>
<testsuite xmlns:xsi="http://www.w3.org/2001/XMLSchema-instance" xsi:noNamespaceSchemaLocation="https://maven.apache.org/surefire/maven-surefire-plugin/xsd/surefire-test-report-3.0.xsd" version="3.0" name="com.example.cashcard.CashCardApplicationTests" time="6.43" tests="15" errors="0" skipped="0" failures="0">
  <properties>
[...]
</properties>
  <testcase name="shouldNotReturnCashCardWithAnUnknownID" classname="com.example.cashcard.CashCardApplicationTests" time="0.831">
    <system-out><![CDATA[19:29:50.664 [main] INFO org.springframework.test.context.support.AnnotationConfigContextLoaderUtils -- Could not detect default configuration classes for test class [com.example.cashcard.CashCardApplicationTests]: CashCardApplicationTests does not declare any static, non-private, non-final, nested classes annotated with @Configuration.
19:29:50.739 [main] INFO org.springframework.boot.test.context.SpringBootTestContextBootstrapper -- Found @SpringBootConfiguration com.example.cashcard.CashCardApplication for test class com.example.cashcard.CashCardApplicationTests

  .   ____          _            __ _ _
 /\\ / ___'_ __ _ _(_)_ __  __ _ \ \ \ \
( ( )\___ | '_ | '_| | '_ \/ _` | \ \ \ \
 \\/  ___)| |_)| | | | | || (_| |  ) ) ) )
  '  |____| .__|_| |_|_| |_\__, | / / / /
 =========|_|==============|___/=/_/_/_/
 :: Spring Boot ::                (v3.2.3)

2024-03-23T19:29:51.000-04:00  INFO 19952 --- [           main] c.e.cashcard.CashCardApplicationTests    : Starting CashCardApplicationTests using Java 21.0.2 with PID 19952 (started by ishem in C:\Users\ishem\Desktop\Portfolio Projects\cashcard)
2024-03-23T19:29:51.001-04:00  INFO 19952 --- [           main] c.e.cashcard.CashCardApplicationTests    : No active profile set, falling back to 1 default profile: "default"
2024-03-23T19:29:51.447-04:00  INFO 19952 --- [           main] .s.d.r.c.RepositoryConfigurationDelegate : Bootstrapping Spring Data JDBC repositories in DEFAULT mode.
2024-03-23T19:29:51.480-04:00  INFO 19952 --- [           main] .s.d.r.c.RepositoryConfigurationDelegate : Finished Spring Data repository scanning in 28 ms. Found 1 JDBC repository interface.
2024-03-23T19:29:51.558-04:00  INFO 19952 --- [           main] beddedDataSourceBeanFactoryPostProcessor : Replacing 'dataSource' DataSource bean with embedded version
2024-03-23T19:29:51.901-04:00  INFO 19952 --- [           main] o.s.b.w.embedded.tomcat.TomcatWebServer  : Tomcat initialized with port 0 (http)
2024-03-23T19:29:51.916-04:00  INFO 19952 --- [           main] o.apache.catalina.core.StandardService   : Starting service [Tomcat]
2024-03-23T19:29:51.916-04:00  INFO 19952 --- [           main] o.apache.catalina.core.StandardEngine    : Starting Servlet engine: [Apache Tomcat/10.1.19]
2024-03-23T19:29:51.955-04:00  INFO 19952 --- [           main] o.a.c.c.C.[Tomcat].[localhost].[/]       : Initializing Spring embedded WebApplicationContext
2024-03-23T19:29:51.956-04:00  INFO 19952 --- [           main] w.s.c.ServletWebServerApplicationContext : Root WebApplicationContext: initialization completed in 945 ms
2024-03-23T19:29:51.967-04:00  INFO 19952 --- [           main] o.s.j.d.e.EmbeddedDatabaseFactory        : Starting embedded database: url='jdbc:h2:mem:264db608-186e-4f12-96f3-c48c0c879940;DB_CLOSE_DELAY=-1;DB_CLOSE_ON_EXIT=false', username='sa'
2024-03-23T19:29:52.083-04:00  INFO 19952 --- [           main] o.s.b.a.h2.H2ConsoleAutoConfiguration    : H2 console available at '/h2-console'. Database available at 'jdbc:h2:mem:264db608-186e-4f12-96f3-c48c0c879940'
2024-03-23T19:29:53.207-04:00  INFO 19952 --- [           main] o.s.s.web.DefaultSecurityFilterChain     : Will secure any request with [org.springframework.security.web.session.DisableEncodeUrlFilter@59371066, org.springframework.security.web.context.request.async.WebAsyncManagerIntegrationFilter@48106381, org.springframework.security.web.context.SecurityContextHolderFilter@18bb1b88, org.springframework.security.web.header.HeaderWriterFilter@36cfe107, org.springframework.web.filter.CorsFilter@3c544c9, org.springframework.security.web.authentication.logout.LogoutFilter@7717b4a0, org.springframework.security.web.authentication.www.BasicAuthenticationFilter@402a69f, org.springframework.security.web.savedrequest.RequestCacheAwareFilter@362a6aa5, org.springframework.security.web.servletapi.SecurityContextHolderAwareRequestFilter@53b7bf01, org.springframework.security.web.authentication.AnonymousAuthenticationFilter@22e813fc, org.springframework.security.web.access.ExceptionTranslationFilter@4e2109fe, org.springframework.security.web.access.intercept.AuthorizationFilter@7f2ca6f8]
2024-03-23T19:29:53.554-04:00  INFO 19952 --- [           main] o.s.b.w.embedded.tomcat.TomcatWebServer  : Tomcat started on port 51286 (http) with context path ''
2024-03-23T19:29:53.562-04:00  INFO 19952 --- [           main] c.e.cashcard.CashCardApplicationTests    : Started CashCardApplicationTests in 2.719 seconds (process running for 3.408)
2024-03-23T19:29:54.158-04:00  INFO 19952 --- [o-auto-1-exec-1] o.a.c.c.C.[Tomcat].[localhost].[/]       : Initializing Spring DispatcherServlet 'dispatcherServlet'
2024-03-23T19:29:54.158-04:00  INFO 19952 --- [o-auto-1-exec-1] o.s.web.servlet.DispatcherServlet        : Initializing Servlet 'dispatcherServlet'
2024-03-23T19:29:54.159-04:00  INFO 19952 --- [o-auto-1-exec-1] o.s.web.servlet.DispatcherServlet        : Completed initialization in 1 ms
]]></system-out>
    <system-err><![CDATA[WARNING: A Java agent has been loaded dynamically (C:\Users\ishem\.m2\repository\net\bytebuddy\byte-buddy-agent\1.14.12\byte-buddy-agent-1.14.12.jar)
WARNING: If a serviceability tool is in use, please run with -XX:+EnableDynamicAgentLoading to hide this warning
WARNING: If a serviceability tool is not in use, please run with -Djdk.instrument.traceUsage for more information
WARNING: Dynamic loading of agents will be disallowed by default in a future release
]]></system-err>
  </testcase>
  <testcase name="shouldNotAllowDeletionOfCashCardsTheyDoNotOwn" classname="com.example.cashcard.CashCardApplicationTests" time="0.14"/>
  <testcase name="shouldNotAllowAccessToCashCardsTheyDoNotOwn" classname="com.example.cashcard.CashCardApplicationTests" time="0.059"/>
  <testcase name="shouldNotUpdateACashCardThatIsOwnedBySomeoneElse" classname="com.example.cashcard.CashCardApplicationTests" time="0.078"/>
  <testcase name="shouldReturnASortedPateOfCashCards" classname="com.example.cashcard.CashCardApplicationTests" time="0.09"/>
  <testcase name="shouldReturnACashCardWhenDataIsSaved" classname="com.example.cashcard.CashCardApplicationTests" time="0.06"/>
  <testcase name="shouldNotDeleteACashCardThatDoesNotExist" classname="com.example.cashcard.CashCardApplicationTests" time="0.059"/>
  <testcase name="shouldCreateANewCashCard" classname="com.example.cashcard.CashCardApplicationTests" time="0.159"/>
  <testcase name="shouldRejectUsersWhoAreNotCardOwners" classname="com.example.cashcard.CashCardApplicationTests" time="0.117">
    <system-out><![CDATA[
  .   ____          _            __ _ _
 /\\ / ___'_ __ _ _(_)_ __  __ _ \ \ \ \
( ( )\___ | '_ | '_| | '_ \/ _` | \ \ \ \
 \\/  ___)| |_)| | | | | || (_| |  ) ) ) )
  '  |____| .__|_| |_|_| |_\__, | / / / /
 =========|_|==============|___/=/_/_/_/
 :: Spring Boot ::                (v3.2.3)

2024-03-23T19:29:55.069-04:00  INFO 19952 --- [           main] c.e.cashcard.CashCardApplicationTests    : Starting CashCardApplicationTests using Java 21.0.2 with PID 19952 (started by ishem in C:\Users\ishem\Desktop\Portfolio Projects\cashcard)
2024-03-23T19:29:55.069-04:00  INFO 19952 --- [           main] c.e.cashcard.CashCardApplicationTests    : No active profile set, falling back to 1 default profile: "default"
2024-03-23T19:29:55.164-04:00  INFO 19952 --- [           main] .s.d.r.c.RepositoryConfigurationDelegate : Bootstrapping Spring Data JDBC repositories in DEFAULT mode.
2024-03-23T19:29:55.169-04:00  INFO 19952 --- [           main] .s.d.r.c.RepositoryConfigurationDelegate : Finished Spring Data repository scanning in 4 ms. Found 1 JDBC repository interface.
2024-03-23T19:29:55.186-04:00  INFO 19952 --- [           main] beddedDataSourceBeanFactoryPostProcessor : Replacing 'dataSource' DataSource bean with embedded version
2024-03-23T19:29:55.210-04:00  INFO 19952 --- [           main] o.s.b.w.embedded.tomcat.TomcatWebServer  : Tomcat initialized with port 0 (http)
2024-03-23T19:29:55.211-04:00  INFO 19952 --- [           main] o.apache.catalina.core.StandardService   : Starting service [Tomcat]
2024-03-23T19:29:55.211-04:00  INFO 19952 --- [           main] o.apache.catalina.core.StandardEngine    : Starting Servlet engine: [Apache Tomcat/10.1.19]
2024-03-23T19:29:55.223-04:00  INFO 19952 --- [           main] o.a.c.c.C.[Tomcat].[localhost].[/]       : Initializing Spring embedded WebApplicationContext
2024-03-23T19:29:55.224-04:00  INFO 19952 --- [           main] w.s.c.ServletWebServerApplicationContext : Root WebApplicationContext: initialization completed in 154 ms
2024-03-23T19:29:55.225-04:00  INFO 19952 --- [           main] o.s.j.d.e.EmbeddedDatabaseFactory        : Starting embedded database: url='jdbc:h2:mem:470c0c2b-3b40-44cc-862b-7c0d56e0651b;DB_CLOSE_DELAY=-1;DB_CLOSE_ON_EXIT=false', username='sa'
2024-03-23T19:29:55.227-04:00  INFO 19952 --- [           main] o.s.b.a.h2.H2ConsoleAutoConfiguration    : H2 console available at '/h2-console'. Database available at 'jdbc:h2:mem:470c0c2b-3b40-44cc-862b-7c0d56e0651b'
2024-03-23T19:29:55.450-04:00  INFO 19952 --- [           main] o.s.s.web.DefaultSecurityFilterChain     : Will secure any request with [org.springframework.security.web.session.DisableEncodeUrlFilter@2643ed03, org.springframework.security.web.context.request.async.WebAsyncManagerIntegrationFilter@17d45cfb, org.springframework.security.web.context.SecurityContextHolderFilter@4678ec43, org.springframework.security.web.header.HeaderWriterFilter@18ffc008, org.springframework.web.filter.CorsFilter@1fb00a6d, org.springframework.security.web.authentication.logout.LogoutFilter@5c13534a, org.springframework.security.web.authentication.www.BasicAuthenticationFilter@608c7b5b, org.springframework.security.web.savedrequest.RequestCacheAwareFilter@694f0655, org.springframework.security.web.servletapi.SecurityContextHolderAwareRequestFilter@3b11deb6, org.springframework.security.web.authentication.AnonymousAuthenticationFilter@1c65ec63, org.springframework.security.web.access.ExceptionTranslationFilter@70044113, org.springframework.security.web.access.intercept.AuthorizationFilter@782e0844]
2024-03-23T19:29:55.479-04:00  INFO 19952 --- [           main] o.s.b.w.embedded.tomcat.TomcatWebServer  : Tomcat started on port 51290 (http) with context path ''
2024-03-23T19:29:55.481-04:00  INFO 19952 --- [           main] c.e.cashcard.CashCardApplicationTests    : Started CashCardApplicationTests in 0.428 seconds (process running for 5.326)
2024-03-23T19:29:55.486-04:00  INFO 19952 --- [o-auto-2-exec-1] o.a.c.c.C.[Tomcat].[localhost].[/]       : Initializing Spring DispatcherServlet 'dispatcherServlet'
2024-03-23T19:29:55.486-04:00  INFO 19952 --- [o-auto-2-exec-1] o.s.web.servlet.DispatcherServlet        : Initializing Servlet 'dispatcherServlet'
2024-03-23T19:29:55.486-04:00  INFO 19952 --- [o-auto-2-exec-1] o.s.web.servlet.DispatcherServlet        : Completed initialization in 0 ms
]]></system-out>
  </testcase>
  <testcase name="shouldReturnAPageOfCashCards" classname="com.example.cashcard.CashCardApplicationTests" time="0.067"/>
  <testcase name="shouldUpdateAnExistingCashCard" classname="com.example.cashcard.CashCardApplicationTests" time="0.143"/>
  <testcase name="shouldNotUpdateACashCardThatDoesNotExist" classname="com.example.cashcard.CashCardApplicationTests" time="0.12">
    <system-out><![CDATA[
  .   ____          _            __ _ _
 /\\ / ___'_ __ _ _(_)_ __  __ _ \ \ \ \
( ( )\___ | '_ | '_| | '_ \/ _` | \ \ \ \
 \\/  ___)| |_)| | | | | || (_| |  ) ) ) )
  '  |____| .__|_| |_|_| |_\__, | / / / /
 =========|_|==============|___/=/_/_/_/
 :: Spring Boot ::                (v3.2.3)

2024-03-23T19:29:55.826-04:00  INFO 19952 --- [           main] c.e.cashcard.CashCardApplicationTests    : Starting CashCardApplicationTests using Java 21.0.2 with PID 19952 (started by ishem in C:\Users\ishem\Desktop\Portfolio Projects\cashcard)
2024-03-23T19:29:55.826-04:00  INFO 19952 --- [           main] c.e.cashcard.CashCardApplicationTests    : No active profile set, falling back to 1 default profile: "default"
2024-03-23T19:29:55.902-04:00  INFO 19952 --- [           main] .s.d.r.c.RepositoryConfigurationDelegate : Bootstrapping Spring Data JDBC repositories in DEFAULT mode.
2024-03-23T19:29:55.906-04:00  INFO 19952 --- [           main] .s.d.r.c.RepositoryConfigurationDelegate : Finished Spring Data repository scanning in 2 ms. Found 1 JDBC repository interface.
2024-03-23T19:29:55.917-04:00  INFO 19952 --- [           main] beddedDataSourceBeanFactoryPostProcessor : Replacing 'dataSource' DataSource bean with embedded version
2024-03-23T19:29:55.936-04:00  INFO 19952 --- [           main] o.s.b.w.embedded.tomcat.TomcatWebServer  : Tomcat initialized with port 0 (http)
2024-03-23T19:29:55.937-04:00  INFO 19952 --- [           main] o.apache.catalina.core.StandardService   : Starting service [Tomcat]
2024-03-23T19:29:55.937-04:00  INFO 19952 --- [           main] o.apache.catalina.core.StandardEngine    : Starting Servlet engine: [Apache Tomcat/10.1.19]
2024-03-23T19:29:55.949-04:00  INFO 19952 --- [           main] o.a.c.c.C.[Tomcat].[localhost].[/]       : Initializing Spring embedded WebApplicationContext
2024-03-23T19:29:55.949-04:00  INFO 19952 --- [           main] w.s.c.ServletWebServerApplicationContext : Root WebApplicationContext: initialization completed in 122 ms
2024-03-23T19:29:55.951-04:00  INFO 19952 --- [           main] o.s.j.d.e.EmbeddedDatabaseFactory        : Starting embedded database: url='jdbc:h2:mem:2571c7a6-58ef-40a6-b11d-478300433b67;DB_CLOSE_DELAY=-1;DB_CLOSE_ON_EXIT=false', username='sa'
2024-03-23T19:29:55.952-04:00  INFO 19952 --- [           main] o.s.b.a.h2.H2ConsoleAutoConfiguration    : H2 console available at '/h2-console'. Database available at 'jdbc:h2:mem:2571c7a6-58ef-40a6-b11d-478300433b67'
2024-03-23T19:29:56.160-04:00  INFO 19952 --- [           main] o.s.s.web.DefaultSecurityFilterChain     : Will secure any request with [org.springframework.security.web.session.DisableEncodeUrlFilter@33a58fcb, org.springframework.security.web.context.request.async.WebAsyncManagerIntegrationFilter@36a8ebca, org.springframework.security.web.context.SecurityContextHolderFilter@4b3eaf39, org.springframework.security.web.header.HeaderWriterFilter@949f0d, org.springframework.web.filter.CorsFilter@328e687e, org.springframework.security.web.authentication.logout.LogoutFilter@f73a7cf, org.springframework.security.web.authentication.www.BasicAuthenticationFilter@21fa19e4, org.springframework.security.web.savedrequest.RequestCacheAwareFilter@d6879bf, org.springframework.security.web.servletapi.SecurityContextHolderAwareRequestFilter@154208f2, org.springframework.security.web.authentication.AnonymousAuthenticationFilter@434a72f2, org.springframework.security.web.access.ExceptionTranslationFilter@623d222, org.springframework.security.web.access.intercept.AuthorizationFilter@44181746]
2024-03-23T19:29:56.187-04:00  INFO 19952 --- [           main] o.s.b.w.embedded.tomcat.TomcatWebServer  : Tomcat started on port 51293 (http) with context path ''
2024-03-23T19:29:56.188-04:00  INFO 19952 --- [           main] c.e.cashcard.CashCardApplicationTests    : Started CashCardApplicationTests in 0.375 seconds (process running for 6.034)
2024-03-23T19:29:56.194-04:00  INFO 19952 --- [o-auto-3-exec-1] o.a.c.c.C.[Tomcat].[localhost].[/]       : Initializing Spring DispatcherServlet 'dispatcherServlet'
2024-03-23T19:29:56.194-04:00  INFO 19952 --- [o-auto-3-exec-1] o.s.web.servlet.DispatcherServlet        : Initializing Servlet 'dispatcherServlet'
2024-03-23T19:29:56.195-04:00  INFO 19952 --- [o-auto-3-exec-1] o.s.web.servlet.DispatcherServlet        : Completed initialization in 0 ms
]]></system-out>
  </testcase>
  <testcase name="shouldReturnASortedPageOfCashCardsWithNoParametersAndUseDefaultValues" classname="com.example.cashcard.CashCardApplicationTests" time="0.067"/>
  <testcase name="shouldDeleteAnExistingCard" classname="com.example.cashcard.CashCardApplicationTests" time="0.124"/>
  <testcase name="shouldReturnAllCashCardsWhenListRequested" classname="com.example.cashcard.CashCardApplicationTests" time="0.121">
    <system-out><![CDATA[
  .   ____          _            __ _ _
 /\\ / ___'_ __ _ _(_)_ __  __ _ \ \ \ \
( ( )\___ | '_ | '_| | '_ \/ _` | \ \ \ \
 \\/  ___)| |_)| | | | | || (_| |  ) ) ) )
  '  |____| .__|_| |_|_| |_\__, | / / / /
 =========|_|==============|___/=/_/_/_/
 :: Spring Boot ::                (v3.2.3)

2024-03-23T19:29:56.512-04:00  INFO 19952 --- [           main] c.e.cashcard.CashCardApplicationTests    : Starting CashCardApplicationTests using Java 21.0.2 with PID 19952 (started by ishem in C:\Users\ishem\Desktop\Portfolio Projects\cashcard)
2024-03-23T19:29:56.512-04:00  INFO 19952 --- [           main] c.e.cashcard.CashCardApplicationTests    : No active profile set, falling back to 1 default profile: "default"
2024-03-23T19:29:56.591-04:00  INFO 19952 --- [           main] .s.d.r.c.RepositoryConfigurationDelegate : Bootstrapping Spring Data JDBC repositories in DEFAULT mode.
2024-03-23T19:29:56.594-04:00  INFO 19952 --- [           main] .s.d.r.c.RepositoryConfigurationDelegate : Finished Spring Data repository scanning in 3 ms. Found 1 JDBC repository interface.
2024-03-23T19:29:56.605-04:00  INFO 19952 --- [           main] beddedDataSourceBeanFactoryPostProcessor : Replacing 'dataSource' DataSource bean with embedded version
2024-03-23T19:29:56.621-04:00  INFO 19952 --- [           main] o.s.b.w.embedded.tomcat.TomcatWebServer  : Tomcat initialized with port 0 (http)
2024-03-23T19:29:56.622-04:00  INFO 19952 --- [           main] o.apache.catalina.core.StandardService   : Starting service [Tomcat]
2024-03-23T19:29:56.622-04:00  INFO 19952 --- [           main] o.apache.catalina.core.StandardEngine    : Starting Servlet engine: [Apache Tomcat/10.1.19]
2024-03-23T19:29:56.632-04:00  INFO 19952 --- [           main] o.a.c.c.C.[Tomcat].[localhost].[/]       : Initializing Spring embedded WebApplicationContext
2024-03-23T19:29:56.632-04:00  INFO 19952 --- [           main] w.s.c.ServletWebServerApplicationContext : Root WebApplicationContext: initialization completed in 119 ms
2024-03-23T19:29:56.633-04:00  INFO 19952 --- [           main] o.s.j.d.e.EmbeddedDatabaseFactory        : Starting embedded database: url='jdbc:h2:mem:ec664714-1770-486a-a951-46d76d37def1;DB_CLOSE_DELAY=-1;DB_CLOSE_ON_EXIT=false', username='sa'
2024-03-23T19:29:56.635-04:00  INFO 19952 --- [           main] o.s.b.a.h2.H2ConsoleAutoConfiguration    : H2 console available at '/h2-console'. Database available at 'jdbc:h2:mem:ec664714-1770-486a-a951-46d76d37def1'
2024-03-23T19:29:56.839-04:00  INFO 19952 --- [           main] o.s.s.web.DefaultSecurityFilterChain     : Will secure any request with [org.springframework.security.web.session.DisableEncodeUrlFilter@6ce1cc03, org.springframework.security.web.context.request.async.WebAsyncManagerIntegrationFilter@b1e63b5, org.springframework.security.web.context.SecurityContextHolderFilter@1488d1c, org.springframework.security.web.header.HeaderWriterFilter@2226fd2b, org.springframework.web.filter.CorsFilter@186537ac, org.springframework.security.web.authentication.logout.LogoutFilter@7b5e5fa, org.springframework.security.web.authentication.www.BasicAuthenticationFilter@44d36b56, org.springframework.security.web.savedrequest.RequestCacheAwareFilter@b21cbbf, org.springframework.security.web.servletapi.SecurityContextHolderAwareRequestFilter@578ac0be, org.springframework.security.web.authentication.AnonymousAuthenticationFilter@4733662d, org.springframework.security.web.access.ExceptionTranslationFilter@19bad88, org.springframework.security.web.access.intercept.AuthorizationFilter@3420547]
2024-03-23T19:29:56.857-04:00  INFO 19952 --- [           main] o.s.b.w.embedded.tomcat.TomcatWebServer  : Tomcat started on port 51297 (http) with context path ''
2024-03-23T19:29:56.859-04:00  INFO 19952 --- [           main] c.e.cashcard.CashCardApplicationTests    : Started CashCardApplicationTests in 0.357 seconds (process running for 6.704)
2024-03-23T19:29:56.863-04:00  INFO 19952 --- [o-auto-4-exec-1] o.a.c.c.C.[Tomcat].[localhost].[/]       : Initializing Spring DispatcherServlet 'dispatcherServlet'
2024-03-23T19:29:56.863-04:00  INFO 19952 --- [o-auto-4-exec-1] o.s.web.servlet.DispatcherServlet        : Initializing Servlet 'dispatcherServlet'
2024-03-23T19:29:56.863-04:00  INFO 19952 --- [o-auto-4-exec-1] o.s.web.servlet.DispatcherServlet        : Completed initialization in 0 ms
]]></system-out>
  </testcase>
</testsuite>